d:\mycode\c\poetrybuilder\temp\x64\release\vc143.pdb
d:\mycode\c\poetrybuilder\temp\x64\release\main.obj
d:\mycode\c\poetrybuilder\temp\x64\release\std.ixx.ifc
d:\mycode\c\poetrybuilder\temp\x64\release\std.ixx.ifc.d.json
d:\mycode\c\poetrybuilder\temp\x64\release\std.ixx.obj
d:\mycode\c\poetrybuilder\temp\x64\release\std.compat.ixx.ifc
d:\mycode\c\poetrybuilder\temp\x64\release\std.compat.ixx.ifc.d.json
d:\mycode\c\poetrybuilder\temp\x64\release\std.compat.ixx.obj
d:\mycode\c\poetrybuilder\out\x64\release\poetrybuilder.exe
d:\mycode\c\poetrybuilder\temp\x64\release\poetrybuilder.ipdb
d:\mycode\c\poetrybuilder\out\x64\release\poetrybuilder.pdb
d:\mycode\c\poetrybuilder\temp\x64\release\poetrybuilder.iobj
d:\mycode\c\poetrybuilder\temp\x64\release\std.ixx.module.json
d:\mycode\c\poetrybuilder\temp\x64\release\std.compat.ixx.module.json
d:\mycode\c\poetrybuilder\temp\x64\release\poetrybuilder.vcxproj.filelistabsolute.txt
d:\mycode\c\poetrybuilder\temp\x64\release\poetrybuilder.tlog\cl.command.1.tlog
d:\mycode\c\poetrybuilder\temp\x64\release\poetrybuilder.tlog\cl.items.tlog
d:\mycode\c\poetrybuilder\temp\x64\release\poetrybuilder.tlog\cl.read.1.tlog
d:\mycode\c\poetrybuilder\temp\x64\release\poetrybuilder.tlog\cl.write.1.tlog
d:\mycode\c\poetrybuilder\temp\x64\release\poetrybuilder.tlog\link.command.1.tlog
d:\mycode\c\poetrybuilder\temp\x64\release\poetrybuilder.tlog\link.read.1.tlog
d:\mycode\c\poetrybuilder\temp\x64\release\poetrybuilder.tlog\link.write.1.tlog
d:\mycode\c\poetrybuilder\temp\x64\release\poetrybuilder_md.tlog\cl.command.1.tlog
d:\mycode\c\poetrybuilder\temp\x64\release\poetrybuilder_md.tlog\microsoft.build.cpptasks.cl.read.1.tlog
d:\mycode\c\poetrybuilder\temp\x64\release\poetrybuilder_md.tlog\microsoft.build.cpptasks.cl.write.1.tlog
